OU Process Signal Scanner - ALL STOCKS
Scan Date: 2025-12-11
Results will be saved to: results_all/ou_signals_all_2025-12-11.csv
======================================================================

Loading OHLC data from daily_ohlc.parquet...
Loaded 2267879 records for 2136 symbols

Scanning 2136 symbols for OU signals...
Parameters: Theta >= 0.02, Half-Life <= 25
Direction Check: Enabled (Xt must move through band, not band through Xt)
======================================================================
Processing 100/2136 symbols...
Processing 200/2136 symbols...
Processing 300/2136 symbols...
Processing 400/2136 symbols...
Processing 500/2136 symbols...
Processing 600/2136 symbols...
Processing 700/2136 symbols...
Processing 800/2136 symbols...
Processing 900/2136 symbols...
Processing 1000/2136 symbols...
Processing 1100/2136 symbols...
Processing 1200/2136 symbols...
Processing 1300/2136 symbols...
Processing 1400/2136 symbols...
Processing 1500/2136 symbols...
Processing 1600/2136 symbols...
Processing 1700/2136 symbols...
Processing 1800/2136 symbols...
Processing 1900/2136 symbols...
Processing 2000/2136 symbols...
Processing 2100/2136 symbols...

Processed 2015 symbols with sufficient data

======================================================================
SCAN COMPLETE - 2025-12-11 06:32:24
======================================================================

Total Signals Found: 21

Signal Breakdown:
  BUY: 15
  SELL: 5
  FILTERED_SELL: 1

======================================================================
ACTIVE SIGNALS (Valid Regime):
======================================================================

AEGISLOG - BUY
  Date: 2025-12-10
  Close: 737.45
  Theta: 0.3830
  Half-Life: 1.81
  Current Xt: -29.2106
  Previous Xt: -13.7243
  Xt Change: -15.4864
  Bands: [-23.4739, 61.3010]

MANAKSIA - BUY
  Date: 2025-12-10
  Close: 59.31
  Theta: 0.1620
  Half-Life: 4.28
  Current Xt: -9.3674
  Previous Xt: -7.9141
  Xt Change: -1.4533
  Bands: [-9.0486, -2.0369]

TIPSFILMS - SELL
  Date: 2025-12-10
  Close: 429.95
  Theta: 0.6096
  Half-Life: 1.14
  Current Xt: -62.3157
  Previous Xt: -116.7393
  Xt Change: 54.4235
  Bands: [-114.8952, -65.8244]

TERASOFT - BUY
  Date: 2025-12-10
  Close: 463.30
  Theta: 0.1718
  Half-Life: 4.03
  Current Xt: 136.1776
  Previous Xt: 161.7634
  Xt Change: -25.5858
  Bands: [143.1055, 257.8447]

TATATECH - BUY
  Date: 2025-12-10
  Close: 643.30
  Theta: 0.2154
  Half-Life: 3.22
  Current Xt: -48.3267
  Previous Xt: -39.8589
  Xt Change: -8.4677
  Bands: [-47.1006, 2.4866]

STEELCAS - BUY
  Date: 2025-12-10
  Close: 209.93
  Theta: 0.2963
  Half-Life: 2.34
  Current Xt: 1.8757
  Previous Xt: 8.2503
  Xt Change: -6.3746
  Bands: [4.0581, 30.6539]

SCPL - SELL
  Date: 2025-12-10
  Close: 269.36
  Theta: 0.1737
  Half-Life: 3.99
  Current Xt: -11.6742
  Previous Xt: -54.4499
  Xt Change: 42.7757
  Bands: [-88.8821, -28.0636]

RAYMONDLSL - SELL
  Date: 2025-12-10
  Close: 1181.60
  Theta: 0.2367
  Half-Life: 2.93
  Current Xt: 52.4622
  Previous Xt: 20.7667
  Xt Change: 31.6955
  Bands: [-97.8529, 41.5643]

PFOCUS - SELL
  Date: 2025-12-10
  Close: 210.54
  Theta: 0.1251
  Half-Life: 5.54
  Current Xt: 69.8043
  Previous Xt: 52.3146
  Xt Change: 17.4897
  Bands: [25.2615, 66.5343]

PANACHE - BUY
  Date: 2025-12-10
  Close: 350.25
  Theta: 0.0667
  Half-Life: 10.39
  Current Xt: 65.8944
  Previous Xt: 66.7362
  Xt Change: -0.8417
  Bands: [69.6222, 206.9803]

... and 10 more signals
See full results in ou_signals_all_2025-12-11.csv

======================================================================
Results saved to: /home/runner/work/ohlc-ou-automations/ohlc-ou-automations/results_all/ou_signals_all_2025-12-11.csv

121 symbols had insufficient data (need 261+ days)

Done!
