HINDNATGLS.NS
ITDCEM.NS
GANESHHOUC.NS
PEL.NS
SELAN.NS
BOROSCI.NS (Error: Too Many Requests. Rate limited. Try after a while.)
GUJALKALI.NS (Error: Too Many Requests. Rate limited. Try after a while.)
NATCAPSUQ.NS (Error: Too Many Requests. Rate limited. Try after a while.)
LYPSAGEMS.NS (Error: Too Many Requests. Rate limited. Try after a while.)
MIDHANI.NS (Error: Too Many Requests. Rate limited. Try after a while.)
UFO.NS (Error: Too Many Requests. Rate limited. Try after a while.)
CCCL.NS (Error: Too Many Requests. Rate limited. Try after a while.)
IKS.NS (Error: Too Many Requests. Rate limited. Try after a while.)
SRD.NS (Error: Too Many Requests. Rate limited. Try after a while.)
BEML.NS (Error: Too Many Requests. Rate limited. Try after a while.)
WESTLIFE.NS (Error: Too Many Requests. Rate limited. Try after a while.)
LCCINFOTEC.NS (Error: Too Many Requests. Rate limited. Try after a while.)
THEMISMED.NS (Error: Too Many Requests. Rate limited. Try after a while.)
TIRUMALCHM.NS (Error: Too Many Requests. Rate limited. Try after a while.)
JGCHEM.NS (Error: Too Many Requests. Rate limited. Try after a while.)
ACI.NS (Error: Too Many Requests. Rate limited. Try after a while.)
RESPONIND.NS (Error: Too Many Requests. Rate limited. Try after a while.)
MAHLOG.NS (Error: Too Many Requests. Rate limited. Try after a while.)
UPL.NS (Error: Too Many Requests. Rate limited. Try after a while.)
DCXINDIA.NS (Error: Too Many Requests. Rate limited. Try after a while.)
KELLTONTEC.NS (Error: Too Many Requests. Rate limited. Try after a while.)
SKYGOLD.NS (Error: Too Many Requests. Rate limited. Try after a while.)
KTKBANK.NS (Error: Too Many Requests. Rate limited. Try after a while.)
LOTUSDEV.NS (Error: Too Many Requests. Rate limited. Try after a while.)
BILVYAPAR.NS (Error: Too Many Requests. Rate limited. Try after a while.)
IRCTC.NS (Error: Too Many Requests. Rate limited. Try after a while.)
PAR.NS (Error: Too Many Requests. Rate limited. Try after a while.)
GOYALALUM.NS (Error: Too Many Requests. Rate limited. Try after a while.)
HINDALCO.NS (Error: Too Many Requests. Rate limited. Try after a while.)
SCHNEIDER.NS (Error: Too Many Requests. Rate limited. Try after a while.)
EVERESTIND.NS (Error: Too Many Requests. Rate limited. Try after a while.)
DRCSYSTEMS.NS (Error: Too Many Requests. Rate limited. Try after a while.)
INDIGO.NS (Error: Too Many Requests. Rate limited. Try after a while.)
KNRCON.NS (Error: Too Many Requests. Rate limited. Try after a while.)
JLHL.NS (Error: Too Many Requests. Rate limited. Try after a while.)
KAVDEFENCE.NS (Error: Too Many Requests. Rate limited. Try after a while.)
JUBLPHARMA.NS (Error: Too Many Requests. Rate limited. Try after a while.)
KAMATHOTEL.NS (Error: Too Many Requests. Rate limited. Try after a while.)
HAL.NS (Error: Too Many Requests. Rate limited. Try after a while.)
POLYMED.NS (Error: Too Many Requests. Rate limited. Try after a while.)
PRUDENT.NS (Error: Too Many Requests. Rate limited. Try after a while.)
GTL.NS (Error: Too Many Requests. Rate limited. Try after a while.)
DONEAR.NS (Error: Too Many Requests. Rate limited. Try after a while.)
VADILALIND.NS (Error: Too Many Requests. Rate limited. Try after a while.)
FOSECOIND.NS (Error: Too Many Requests. Rate limited. Try after a while.)
RVTH.NS (Error: Too Many Requests. Rate limited. Try after a while.)
SPCENET.NS (Error: Too Many Requests. Rate limited. Try after a while.)
FISCHER.NS (Error: Too Many Requests. Rate limited. Try after a while.)
UCAL.NS (Error: Too Many Requests. Rate limited. Try after a while.)
CHEMPLASTS.NS (Error: Too Many Requests. Rate limited. Try after a while.)
DMCC.NS (Error: Too Many Requests. Rate limited. Try after a while.)
PVP.NS (Error: Too Many Requests. Rate limited. Try after a while.)
SANOFI.NS (Error: Too Many Requests. Rate limited. Try after a while.)
ONESOURCE.NS (Error: Too Many Requests. Rate limited. Try after a while.)
SPENCERS.NS (Error: Too Many Requests. Rate limited. Try after a while.)
TREEHOUSE.NS (Error: Too Many Requests. Rate limited. Try after a while.)
ARENTERP.NS (Error: Too Many Requests. Rate limited. Try after a while.)
TCPLPACK.NS (Error: Too Many Requests. Rate limited. Try after a while.)
KANSAINER.NS (Error: Too Many Requests. Rate limited. Try after a while.)
NH.NS (Error: Too Many Requests. Rate limited. Try after a while.)
BAJAJHFL.NS (Error: Too Many Requests. Rate limited. Try after a while.)
RSWM.NS (Error: Too Many Requests. Rate limited. Try after a while.)
MASTEK.NS (Error: Too Many Requests. Rate limited. Try after a while.)
SHIVALIK.NS (Error: Too Many Requests. Rate limited. Try after a while.)
WEALTH.NS (Error: Too Many Requests. Rate limited. Try after a while.)
BFINVEST.NS (Error: Too Many Requests. Rate limited. Try after a while.)
MAHLIFE.NS (Error: Too Many Requests. Rate limited. Try after a while.)
OCCLLTD.NS (Error: Too Many Requests. Rate limited. Try after a while.)
AEROFLEX.NS (Error: Too Many Requests. Rate limited. Try after a while.)
CONFIPET.NS (Error: Too Many Requests. Rate limited. Try after a while.)
KARURVYSYA.NS (Error: Too Many Requests. Rate limited. Try after a while.)
PRECAM.NS (Error: Too Many Requests. Rate limited. Try after a while.)
TATAMOTORS.NS (Error: Too Many Requests. Rate limited. Try after a while.)
GPPL.NS (Error: Too Many Requests. Rate limited. Try after a while.)
VIPULLTD.NS (Error: Too Many Requests. Rate limited. Try after a while.)
OBCL.NS (Error: Too Many Requests. Rate limited. Try after a while.)
HARRMALAYA.NS (Error: Too Many Requests. Rate limited. Try after a while.)
SUPRIYA.NS (Error: Too Many Requests. Rate limited. Try after a while.)
VSTIND.NS (Error: Too Many Requests. Rate limited. Try after a while.)
JTLIND.NS (Error: Too Many Requests. Rate limited. Try after a while.)
VRLLOG.NS (Error: Too Many Requests. Rate limited. Try after a while.)
AAREYDRUGS.NS (Error: Too Many Requests. Rate limited. Try after a while.)
RAMCOSYS.NS (Error: Too Many Requests. Rate limited. Try after a while.)
REPL.NS (Error: Too Many Requests. Rate limited. Try after a while.)
DEEDEV.NS (Error: Too Many Requests. Rate limited. Try after a while.)
MSPL.NS (Error: Too Many Requests. Rate limited. Try after a while.)
XTGLOBAL.NS (Error: Too Many Requests. Rate limited. Try after a while.)
ASTRAZEN.NS (Error: Too Many Requests. Rate limited. Try after a while.)
COSMOFIRST.NS (Error: Too Many Requests. Rate limited. Try after a while.)
SECURKLOUD.NS (Error: Too Many Requests. Rate limited. Try after a while.)
ARVEE.NS (Error: Too Many Requests. Rate limited. Try after a while.)
BCG.NS (Error: Too Many Requests. Rate limited. Try after a while.)
ICICIGI.NS (Error: Too Many Requests. Rate limited. Try after a while.)
BAJAJCON.NS (Error: Too Many Requests. Rate limited. Try after a while.)
BALMLAWRIE.NS (Error: Too Many Requests. Rate limited. Try after a while.)
RBLBANK.NS (Error: Too Many Requests. Rate limited. Try after a while.)
IGARASHI.NS (Error: Too Many Requests. Rate limited. Try after a while.)
MANAPPURAM.NS (Error: Too Many Requests. Rate limited. Try after a while.)
RTNINDIA.NS (Error: Too Many Requests. Rate limited. Try after a while.)
JOCIL.NS (Error: Too Many Requests. Rate limited. Try after a while.)
GEECEE.NS (Error: Too Many Requests. Rate limited. Try after a while.)
GARUDA.NS (Error: Too Many Requests. Rate limited. Try after a while.)
VIKASECO.NS (Error: Too Many Requests. Rate limited. Try after a while.)
GREENLAM.NS (Error: Too Many Requests. Rate limited. Try after a while.)
LORDSCHLO.NS (Error: Too Many Requests. Rate limited. Try after a while.)
RVHL.NS (Error: Too Many Requests. Rate limited. Try after a while.)
AJOONI.NS (Error: Too Many Requests. Rate limited. Try after a while.)
TAKE.NS (Error: Too Many Requests. Rate limited. Try after a while.)
LTF.NS (Error: Too Many Requests. Rate limited. Try after a while.)
WANBURY.NS (Error: Too Many Requests. Rate limited. Try after a while.)
IXIGO.NS (Error: Too Many Requests. Rate limited. Try after a while.)
PIDILITIND.NS (Error: Too Many Requests. Rate limited. Try after a while.)
MOTILALOFS.NS (Error: Too Many Requests. Rate limited. Try after a while.)
SALZERELEC.NS (Error: Too Many Requests. Rate limited. Try after a while.)
HDFCBANK.NS (Error: Too Many Requests. Rate limited. Try after a while.)
RAMANEWS.NS (Error: Too Many Requests. Rate limited. Try after a while.)
BPL.NS (Error: Too Many Requests. Rate limited. Try after a while.)
SASTASUNDR.NS (Error: Too Many Requests. Rate limited. Try after a while.)
JETFREIGHT.NS (Error: Too Many Requests. Rate limited. Try after a while.)
TRAVELFOOD.NS (Error: Too Many Requests. Rate limited. Try after a while.)
NFL.NS (Error: Too Many Requests. Rate limited. Try after a while.)
NIITLTD.NS (Error: Too Many Requests. Rate limited. Try after a while.)
SHEMAROO.NS (Error: Too Many Requests. Rate limited. Try after a while.)
HUHTAMAKI.NS (Error: Too Many Requests. Rate limited. Try after a while.)
NMDC.NS (Error: Too Many Requests. Rate limited. Try after a while.)
PROSTARM.NS (Error: Too Many Requests. Rate limited. Try after a while.)
SHREDIGCEM.NS (Error: Too Many Requests. Rate limited. Try after a while.)
SURAKSHA.NS (Error: Too Many Requests. Rate limited. Try after a while.)
TIPSFILMS.NS (Error: Too Many Requests. Rate limited. Try after a while.)
RPPL.NS (Error: Too Many Requests. Rate limited. Try after a while.)
AHLEAST.NS (Error: Too Many Requests. Rate limited. Try after a while.)
NORBTEAEXP.NS (Error: Too Many Requests. Rate limited. Try after a while.)
WEIZMANIND.NS (Error: Too Many Requests. Rate limited. Try after a while.)
JHS.NS (Error: Too Many Requests. Rate limited. Try after a while.)
